# JRE version: OpenJDK Runtime Environment Temurin-21.0.8+9 (21.0.8+9) (build 21.0.8+9-LTS)
# Java VM: OpenJDK 64-Bit Server VM Temurin-21.0.8+9 (21.0.8+9-LTS, mixed mode, sharing, tiered, compressed oops, compressed class ptrs, parallel gc, windows-amd64)
GC Precious Log:
 CardTable entry size: 512
 CPUs: 8 total, 8 available
 Memory: 7967M
 Large Page Support: Disabled
 NUMA Support: Disabled
 Compressed Oops: Enabled (32-bit)
 Alignments: Space 512K, Generation 512K, Heap 2M
 Heap Min Capacity: 100M
 Heap Initial Capacity: 100M
 Heap Max Capacity: 2G
 Pre-touch: Disabled
 Parallel Workers: 8
Heap:
 PSYoungGen      total 8192K, used 3612K [0x00000000d5580000, 0x00000000d6080000, 0x0000000100000000)
  eden space 7680K, 42% used [0x00000000d5580000,0x00000000d58b7148,0x00000000d5d00000)
  from space 512K, 62% used [0x00000000d6000000,0x00000000d6050020,0x00000000d6080000)
  to   space 512K, 0% used [0x00000000d5f80000,0x00000000d5f80000,0x00000000d6000000)
 ParOldGen       total 1040896K, used 381264K [0x0000000080000000, 0x00000000bf880000, 0x00000000d5580000)
  object space 1040896K, 36% used [0x0000000080000000,0x00000000974540b0,0x00000000bf880000)
 Metaspace       used 75060K, committed 76480K, reserved 1179648K
  class space    used 7558K, committed 8256K, reserved 1048576K
GC Heap History (20 events):
Event: 48235.613 GC heap before
{Heap before GC invocations=1199 (full 4):
 PSYoungGen      total 5120K, used 5120K [0x00000000d5580000, 0x00000000d6100000, 0x0000000100000000)
  eden space 3072K, 100% used [0x00000000d5580000,0x00000000d5880000,0x00000000d5880000)
  from space 2048K, 100% used [0x00000000d5c00000,0x00000000d5e00000,0x00000000d5e00000)
  to   space 3584K, 0% used [0x00000000d5880000,0x00000000d5880000,0x00000000d5c00000)
 ParOldGen       total 1040896K, used 367378K [0x0000000080000000, 0x00000000bf880000, 0x00000000d5580000)
  object space 1040896K, 35% used [0x0000000080000000,0x00000000966c49d0,0x00000000bf880000)
 Metaspace       used 74914K, committed 76352K, reserved 1179648K
  class space    used 7553K, committed 8256K, reserved 1048576K
}
Event: 48235.622 GC heap after
{Heap after GC invocations=1199 (full 4):
 PSYoungGen      total 6656K, used 2381K [0x00000000d5580000, 0x00000000d5f80000, 0x0000000100000000)
  eden space 3072K, 0% used [0x00000000d5580000,0x00000000d5580000,0x00000000d5880000)
  from space 3584K, 66% used [0x00000000d5880000,0x00000000d5ad37f0,0x00000000d5c00000)
  to   space 3072K, 0% used [0x00000000d5c80000,0x00000000d5c80000,0x00000000d5f80000)
 ParOldGen       total 1040896K, used 369467K [0x0000000080000000, 0x00000000bf880000, 0x00000000d5580000)
  object space 1040896K, 35% used [0x0000000080000000,0x00000000968cee60,0x00000000bf880000)
 Metaspace       used 74914K, committed 76352K, reserved 1179648K
  class space    used 7553K, committed 8256K, reserved 1048576K
}
Event: 48259.387 GC heap before
{Heap before GC invocations=1200 (full 4):
 PSYoungGen      total 6656K, used 5272K [0x00000000d5580000, 0x00000000d5f80000, 0x0000000100000000)
  eden space 3072K, 94% used [0x00000000d5580000,0x00000000d5852888,0x00000000d5880000)
  from space 3584K, 66% used [0x00000000d5880000,0x00000000d5ad37f0,0x00000000d5c00000)
  to   space 3072K, 0% used [0x00000000d5c80000,0x00000000d5c80000,0x00000000d5f80000)
 ParOldGen       total 1040896K, used 369467K [0x0000000080000000, 0x00000000bf880000, 0x00000000d5580000)
  object space 1040896K, 35% used [0x0000000080000000,0x00000000968cee60,0x00000000bf880000)
 Metaspace       used 74922K, committed 76352K, reserved 1179648K
  class space    used 7553K, committed 8256K, reserved 1048576K
}
Event: 48259.388 GC heap after
{Heap after GC invocations=1200 (full 4):
 PSYoungGen      total 4608K, used 511K [0x00000000d5580000, 0x00000000d5d00000, 0x0000000100000000)
  eden space 4096K, 0% used [0x00000000d5580000,0x00000000d5580000,0x00000000d5980000)
  from space 512K, 99% used [0x00000000d5c80000,0x00000000d5cffcc0,0x00000000d5d00000)
  to   space 1536K, 0% used [0x00000000d5a00000,0x00000000d5a00000,0x00000000d5b80000)
 ParOldGen       total 1040896K, used 369507K [0x0000000080000000, 0x00000000bf880000, 0x00000000d5580000)
  object space 1040896K, 35% used [0x0000000080000000,0x00000000968d8e60,0x00000000bf880000)
 Metaspace       used 74922K, committed 76352K, reserved 1179648K
  class space    used 7553K, committed 8256K, reserved 1048576K
}
Event: 48259.395 GC heap before
{Heap before GC invocations=1201 (full 4):
 PSYoungGen      total 4608K, used 4607K [0x00000000d5580000, 0x00000000d5d00000, 0x0000000100000000)
  eden space 4096K, 100% used [0x00000000d5580000,0x00000000d5980000,0x00000000d5980000)
  from space 512K, 99% used [0x00000000d5c80000,0x00000000d5cffcc0,0x00000000d5d00000)
  to   space 1536K, 0% used [0x00000000d5a00000,0x00000000d5a00000,0x00000000d5b80000)
 ParOldGen       total 1040896K, used 369507K [0x0000000080000000, 0x00000000bf880000, 0x00000000d5580000)
  object space 1040896K, 35% used [0x0000000080000000,0x00000000968d8e60,0x00000000bf880000)
 Metaspace       used 74922K, committed 76352K, reserved 1179648K
  class space    used 7553K, committed 8256K, reserved 1048576K
}
Event: 48259.410 GC heap after
{Heap after GC invocations=1201 (full 4):
 PSYoungGen      total 6144K, used 1535K [0x00000000d5580000, 0x00000000d6480000, 0x0000000100000000)
  eden space 4608K, 0% used [0x00000000d5580000,0x00000000d5580000,0x00000000d5a00000)
  from space 1536K, 99% used [0x00000000d5a00000,0x00000000d5b7fcc0,0x00000000d5b80000)
  to   space 5120K, 0% used [0x00000000d5f80000,0x00000000d5f80000,0x00000000d6480000)
 ParOldGen       total 1040896K, used 372362K [0x0000000080000000, 0x00000000bf880000, 0x00000000d5580000)
  object space 1040896K, 35% used [0x0000000080000000,0x0000000096ba2b30,0x00000000bf880000)
 Metaspace       used 74922K, committed 76352K, reserved 1179648K
  class space    used 7553K, committed 8256K, reserved 1048576K
}
Event: 48259.428 GC heap before
{Heap before GC invocations=1202 (full 4):
 PSYoungGen      total 6144K, used 6143K [0x00000000d5580000, 0x00000000d6480000, 0x0000000100000000)
  eden space 4608K, 100% used [0x00000000d5580000,0x00000000d5a00000,0x00000000d5a00000)
  from space 1536K, 99% used [0x00000000d5a00000,0x00000000d5b7fcc0,0x00000000d5b80000)
  to   space 5120K, 0% used [0x00000000d5f80000,0x00000000d5f80000,0x00000000d6480000)
 ParOldGen       total 1040896K, used 372362K [0x0000000080000000, 0x00000000bf880000, 0x00000000d5580000)
  object space 1040896K, 35% used [0x0000000080000000,0x0000000096ba2b30,0x00000000bf880000)
 Metaspace       used 74922K, committed 76352K, reserved 1179648K
  class space    used 7553K, committed 8256K, reserved 1048576K
}
Event: 48259.435 GC heap after
{Heap after GC invocations=1202 (full 4):
 PSYoungGen      total 9728K, used 3934K [0x00000000d5580000, 0x00000000d6380000, 0x0000000100000000)
  eden space 5632K, 0% used [0x00000000d5580000,0x00000000d5580000,0x00000000d5b00000)
  from space 4096K, 96% used [0x00000000d5f80000,0x00000000d63578a0,0x00000000d6380000)
  to   space 4096K, 0% used [0x00000000d5b80000,0x00000000d5b80000,0x00000000d5f80000)
 ParOldGen       total 1040896K, used 373945K [0x0000000080000000, 0x00000000bf880000, 0x00000000d5580000)
  object space 1040896K, 35% used [0x0000000080000000,0x0000000096d2e7f0,0x00000000bf880000)
 Metaspace       used 74922K, committed 76352K, reserved 1179648K
  class space    used 7553K, committed 8256K, reserved 1048576K
}
Event: 48259.497 GC heap before
{Heap before GC invocations=1203 (full 4):
 PSYoungGen      total 9728K, used 9566K [0x00000000d5580000, 0x00000000d6380000, 0x0000000100000000)
  eden space 5632K, 100% used [0x00000000d5580000,0x00000000d5b00000,0x00000000d5b00000)
  from space 4096K, 96% used [0x00000000d5f80000,0x00000000d63578a0,0x00000000d6380000)
  to   space 4096K, 0% used [0x00000000d5b80000,0x00000000d5b80000,0x00000000d5f80000)
 ParOldGen       total 1040896K, used 373945K [0x0000000080000000, 0x00000000bf880000, 0x00000000d5580000)
  object space 1040896K, 35% used [0x0000000080000000,0x0000000096d2e7f0,0x00000000bf880000)
 Metaspace       used 74935K, committed 76352K, reserved 1179648K
  class space    used 7555K, committed 8256K, reserved 1048576K
}
Event: 48259.512 GC heap after
{Heap after GC invocations=1203 (full 4):
 PSYoungGen      total 10240K, used 3870K [0x00000000d5580000, 0x00000000d6480000, 0x0000000100000000)
  eden space 6144K, 0% used [0x00000000d5580000,0x00000000d5580000,0x00000000d5b80000)
  from space 4096K, 94% used [0x00000000d5b80000,0x00000000d5f47820,0x00000000d5f80000)
  to   space 4096K, 0% used [0x00000000d6080000,0x00000000d6080000,0x00000000d6480000)
 ParOldGen       total 1040896K, used 377784K [0x0000000080000000, 0x00000000bf880000, 0x00000000d5580000)
  object space 1040896K, 36% used [0x0000000080000000,0x00000000970ee090,0x00000000bf880000)
 Metaspace       used 74935K, committed 76352K, reserved 1179648K
  class space    used 7555K, committed 8256K, reserved 1048576K
}
Event: 48259.534 GC heap before
{Heap before GC invocations=1204 (full 4):
 PSYoungGen      total 10240K, used 10014K [0x00000000d5580000, 0x00000000d6480000, 0x0000000100000000)
  eden space 6144K, 100% used [0x00000000d5580000,0x00000000d5b80000,0x00000000d5b80000)
  from space 4096K, 94% used [0x00000000d5b80000,0x00000000d5f47820,0x00000000d5f80000)
  to   space 4096K, 0% used [0x00000000d6080000,0x00000000d6080000,0x00000000d6480000)
 ParOldGen       total 1040896K, used 377784K [0x0000000080000000, 0x00000000bf880000, 0x00000000d5580000)
  object space 1040896K, 36% used [0x0000000080000000,0x00000000970ee090,0x00000000bf880000)
 Metaspace       used 74938K, committed 76352K, reserved 1179648K
  class space    used 7555K, committed 8256K, reserved 1048576K
}
Event: 48259.548 GC heap after
{Heap after GC invocations=1204 (full 4):
 PSYoungGen      total 9216K, used 1112K [0x00000000d5580000, 0x00000000d6200000, 0x0000000100000000)
  eden space 7680K, 0% used [0x00000000d5580000,0x00000000d5580000,0x00000000d5d00000)
  from space 1536K, 72% used [0x00000000d6080000,0x00000000d6196230,0x00000000d6200000)
  to   space 2560K, 0% used [0x00000000d5d00000,0x00000000d5d00000,0x00000000d5f80000)
 ParOldGen       total 1040896K, used 380992K [0x0000000080000000, 0x00000000bf880000, 0x00000000d5580000)
  object space 1040896K, 36% used [0x0000000080000000,0x0000000097410090,0x00000000bf880000)
 Metaspace       used 74938K, committed 76352K, reserved 1179648K
  class space    used 7555K, committed 8256K, reserved 1048576K
}
Event: 48262.165 GC heap before
{Heap before GC invocations=1205 (full 4):
 PSYoungGen      total 9216K, used 8763K [0x00000000d5580000, 0x00000000d6200000, 0x0000000100000000)
  eden space 7680K, 99% used [0x00000000d5580000,0x00000000d5cf8bb0,0x00000000d5d00000)
  from space 1536K, 72% used [0x00000000d6080000,0x00000000d6196230,0x00000000d6200000)
  to   space 2560K, 0% used [0x00000000d5d00000,0x00000000d5d00000,0x00000000d5f80000)
 ParOldGen       total 1040896K, used 380992K [0x0000000080000000, 0x00000000bf880000, 0x00000000d5580000)
  object space 1040896K, 36% used [0x0000000080000000,0x0000000097410090,0x00000000bf880000)
 Metaspace       used 74963K, committed 76416K, reserved 1179648K
  class space    used 7556K, committed 8256K, reserved 1048576K
}
Event: 48262.167 GC heap after
{Heap after GC invocations=1205 (full 4):
 PSYoungGen      total 10240K, used 224K [0x00000000d5580000, 0x00000000d6100000, 0x0000000100000000)
  eden space 7680K, 0% used [0x00000000d5580000,0x00000000d5580000,0x00000000d5d00000)
  from space 2560K, 8% used [0x00000000d5d00000,0x00000000d5d38000,0x00000000d5f80000)
  to   space 1024K, 0% used [0x00000000d6000000,0x00000000d6000000,0x00000000d6100000)
 ParOldGen       total 1040896K, used 381056K [0x0000000080000000, 0x00000000bf880000, 0x00000000d5580000)
  object space 1040896K, 36% used [0x0000000080000000,0x0000000097420090,0x00000000bf880000)
 Metaspace       used 74963K, committed 76416K, reserved 1179648K
  class space    used 7556K, committed 8256K, reserved 1048576K
}
Event: 52701.030 GC heap before
{Heap before GC invocations=1206 (full 4):
 PSYoungGen      total 10240K, used 7860K [0x00000000d5580000, 0x00000000d6100000, 0x0000000100000000)
  eden space 7680K, 99% used [0x00000000d5580000,0x00000000d5cf52e8,0x00000000d5d00000)
  from space 2560K, 8% used [0x00000000d5d00000,0x00000000d5d38000,0x00000000d5f80000)
  to   space 1024K, 0% used [0x00000000d6000000,0x00000000d6000000,0x00000000d6100000)
 ParOldGen       total 1040896K, used 381056K [0x0000000080000000, 0x00000000bf880000, 0x00000000d5580000)
  object space 1040896K, 36% used [0x0000000080000000,0x0000000097420090,0x00000000bf880000)
 Metaspace       used 74976K, committed 76416K, reserved 1179648K
  class space    used 7556K, committed 8256K, reserved 1048576K
}
Event: 52701.228 GC heap after
{Heap after GC invocations=1206 (full 4):
 PSYoungGen      total 8192K, used 256K [0x00000000d5580000, 0x00000000d6080000, 0x0000000100000000)
  eden space 7680K, 0% used [0x00000000d5580000,0x00000000d5580000,0x00000000d5d00000)
  from space 512K, 50% used [0x00000000d6000000,0x00000000d6040020,0x00000000d6080000)
  to   space 512K, 0% used [0x00000000d5f80000,0x00000000d5f80000,0x00000000d6000000)
 ParOldGen       total 1040896K, used 381104K [0x0000000080000000, 0x00000000bf880000, 0x00000000d5580000)
  object space 1040896K, 36% used [0x0000000080000000,0x000000009742c090,0x00000000bf880000)
 Metaspace       used 74976K, committed 76416K, reserved 1179648K
  class space    used 7556K, committed 8256K, reserved 1048576K
}
Event: 53236.724 GC heap before
{Heap before GC invocations=1207 (full 4):
 PSYoungGen      total 8192K, used 7936K [0x00000000d5580000, 0x00000000d6080000, 0x0000000100000000)
  eden space 7680K, 100% used [0x00000000d5580000,0x00000000d5d00000,0x00000000d5d00000)
  from space 512K, 50% used [0x00000000d6000000,0x00000000d6040020,0x00000000d6080000)
  to   space 512K, 0% used [0x00000000d5f80000,0x00000000d5f80000,0x00000000d6000000)
 ParOldGen       total 1040896K, used 381104K [0x0000000080000000, 0x00000000bf880000, 0x00000000d5580000)
  object space 1040896K, 36% used [0x0000000080000000,0x000000009742c090,0x00000000bf880000)
 Metaspace       used 75006K, committed 76416K, reserved 1179648K
  class space    used 7556K, committed 8256K, reserved 1048576K
}
Event: 53236.735 GC heap after
{Heap after GC invocations=1207 (full 4):
 PSYoungGen      total 8192K, used 384K [0x00000000d5580000, 0x00000000d6080000, 0x0000000100000000)
  eden space 7680K, 0% used [0x00000000d5580000,0x00000000d5580000,0x00000000d5d00000)
  from space 512K, 75% used [0x00000000d5f80000,0x00000000d5fe0040,0x00000000d6000000)
  to   space 512K, 0% used [0x00000000d6000000,0x00000000d6000000,0x00000000d6080000)
 ParOldGen       total 1040896K, used 381152K [0x0000000080000000, 0x00000000bf880000, 0x00000000d5580000)
  object space 1040896K, 36% used [0x0000000080000000,0x0000000097438090,0x00000000bf880000)
 Metaspace       used 75006K, committed 76416K, reserved 1179648K
  class space    used 7556K, committed 8256K, reserved 1048576K
}
Event: 54229.092 GC heap before
{Heap before GC invocations=1208 (full 4):
 PSYoungGen      total 8192K, used 8064K [0x00000000d5580000, 0x00000000d6080000, 0x0000000100000000)
  eden space 7680K, 99% used [0x00000000d5580000,0x00000000d5cffff0,0x00000000d5d00000)
  from space 512K, 75% used [0x00000000d5f80000,0x00000000d5fe0040,0x00000000d6000000)
  to   space 512K, 0% used [0x00000000d6000000,0x00000000d6000000,0x00000000d6080000)
 ParOldGen       total 1040896K, used 381152K [0x0000000080000000, 0x00000000bf880000, 0x00000000d5580000)
  object space 1040896K, 36% used [0x0000000080000000,0x0000000097438090,0x00000000bf880000)
 Metaspace       used 75035K, committed 76416K, reserved 1179648K
  class space    used 7556K, committed 8256K, reserved 1048576K
}
Event: 54229.097 GC heap after
{Heap after GC invocations=1208 (full 4):
 PSYoungGen      total 8192K, used 320K [0x00000000d5580000, 0x00000000d6080000, 0x0000000100000000)
  eden space 7680K, 0% used [0x00000000d5580000,0x00000000d5580000,0x00000000d5d00000)
  from space 512K, 62% used [0x00000000d6000000,0x00000000d6050020,0x00000000d6080000)
  to   space 512K, 0% used [0x00000000d5f80000,0x00000000d5f80000,0x00000000d6000000)
 ParOldGen       total 1040896K, used 381264K [0x0000000080000000, 0x00000000bf880000, 0x00000000d5580000)
  object space 1040896K, 36% used [0x0000000080000000,0x00000000974540b0,0x00000000bf880000)
 Metaspace       used 75035K, committed 76416K, reserved 1179648K
  class space    used 7556K, committed 8256K, reserved 1048576K
}

